<?xml version="1.0" encoding="UTF-8"?>
<testsuite name="com.djamware.springsecuritymongo.SpringsecuritymongoApplicationTests" tests="1" skipped="0" failures="0" errors="0" timestamp="2023-02-21T12:33:17" hostname="LAPTOP-E8F9CLAK" time="0.43">
  <properties/>
  <testcase name="contextLoads()" classname="com.djamware.springsecuritymongo.SpringsecuritymongoApplicationTests" time="0.43"/>
  <system-out><![CDATA[18:03:14.368 [Test worker] DEBUG org.springframework.test.context.BootstrapUtils - Instantiating CacheAwareContextLoaderDelegate from class [org.springframework.test.context.cache.DefaultCacheAwareContextLoaderDelegate]
18:03:14.382 [Test worker] DEBUG org.springframework.test.context.BootstrapUtils - Instantiating BootstrapContext using constructor [public org.springframework.test.context.support.DefaultBootstrapContext(java.lang.Class,org.springframework.test.context.CacheAwareContextLoaderDelegate)]
18:03:14.413 [Test worker] DEBUG org.springframework.test.context.BootstrapUtils - Instantiating TestContextBootstrapper for test class [com.djamware.springsecuritymongo.SpringsecuritymongoApplicationTests] from class [org.springframework.boot.test.context.SpringBootTestContextBootstrapper]
18:03:14.427 [Test worker] INFO org.springframework.boot.test.context.SpringBootTestContextBootstrapper - Neither @ContextConfiguration nor @ContextHierarchy found for test class [com.djamware.springsecuritymongo.SpringsecuritymongoApplicationTests], using SpringBootContextLoader
18:03:14.429 [Test worker] DEBUG org.springframework.test.context.support.AbstractContextLoader - Did not detect default resource location for test class [com.djamware.springsecuritymongo.SpringsecuritymongoApplicationTests]: class path resource [com/djamware/springsecuritymongo/SpringsecuritymongoApplicationTests-context.xml] does not exist
18:03:14.430 [Test worker] DEBUG org.springframework.test.context.support.AbstractContextLoader - Did not detect default resource location for test class [com.djamware.springsecuritymongo.SpringsecuritymongoApplicationTests]: class path resource [com/djamware/springsecuritymongo/SpringsecuritymongoApplicationTestsContext.groovy] does not exist
18:03:14.430 [Test worker] INFO org.springframework.test.context.support.AbstractContextLoader - Could not detect default resource locations for test class [com.djamware.springsecuritymongo.SpringsecuritymongoApplicationTests]: no resource found for suffixes {-context.xml, Context.groovy}.
18:03:14.431 [Test worker] INFO org.springframework.test.context.support.AnnotationConfigContextLoaderUtils - Could not detect default configuration classes for test class [com.djamware.springsecuritymongo.SpringsecuritymongoApplicationTests]: SpringsecuritymongoApplicationTests does not declare any static, non-private, non-final, nested classes annotated with @Configuration.
18:03:14.463 [Test worker] DEBUG org.springframework.test.context.support.ActiveProfilesUtils - Could not find an 'annotation declaring class' for annotation type [org.springframework.test.context.ActiveProfiles] and class [com.djamware.springsecuritymongo.SpringsecuritymongoApplicationTests]
18:03:14.532 [Test worker] DEBUG org.springframework.context.annotation.ClassPathScanningCandidateComponentProvider - Identified candidate component class: file [D:\My PC\Career Shine\Amazon Research\MongoDB\__LoginPage\SpringBoot-MongoDb\MongoDB-SpringBoot-Login\build\classes\java\main\com\djamware\springsecuritymongo\SpringsecuritymongoApplication.class]
18:03:14.532 [Test worker] INFO org.springframework.boot.test.context.SpringBootTestContextBootstrapper - Found @SpringBootConfiguration com.djamware.springsecuritymongo.SpringsecuritymongoApplication for test class com.djamware.springsecuritymongo.SpringsecuritymongoApplicationTests
18:03:14.621 [Test worker] DEBUG org.springframework.boot.test.context.SpringBootTestContextBootstrapper - @TestExecutionListeners is not present for class [com.djamware.springsecuritymongo.SpringsecuritymongoApplicationTests]: using defaults.
18:03:14.622 [Test worker] INFO org.springframework.boot.test.context.SpringBootTestContextBootstrapper - Loaded default TestExecutionListener class names from location [META-INF/spring.factories]: [org.springframework.boot.test.autoconfigure.restdocs.RestDocsTestExecutionListener, org.springframework.boot.test.autoconfigure.web.client.MockRestServiceServerResetTestExecutionListener, org.springframework.boot.test.autoconfigure.web.servlet.MockMvcPrintOnlyOnFailureTestExecutionListener, org.springframework.boot.test.autoconfigure.web.servlet.WebDriverTestExecutionListener, org.springframework.boot.test.autoconfigure.webservices.client.MockWebServiceServerTestExecutionListener, org.springframework.boot.test.mock.mockito.MockitoTestExecutionListener, org.springframework.boot.test.mock.mockito.ResetMocksTestExecutionListener, org.springframework.security.test.context.support.WithSecurityContextTestExecutionListener, org.springframework.security.test.context.support.ReactorContextTestExecutionListener, org.springframework.test.context.web.ServletTestExecutionListener, org.springframework.test.context.support.DirtiesContextBeforeModesTestExecutionListener, org.springframework.test.context.support.DependencyInjectionTestExecutionListener, org.springframework.test.context.support.DirtiesContextTestExecutionListener, org.springframework.test.context.transaction.TransactionalTestExecutionListener, org.springframework.test.context.jdbc.SqlScriptsTestExecutionListener, org.springframework.test.context.event.EventPublishingTestExecutionListener]
18:03:14.637 [Test worker] INFO org.springframework.boot.test.context.SpringBootTestContextBootstrapper - Using TestExecutionListeners: [org.springframework.test.context.web.ServletTestExecutionListener@64e61f5e, org.springframework.test.context.support.DirtiesContextBeforeModesTestExecutionListener@3aac4441, org.springframework.boot.test.mock.mockito.MockitoTestExecutionListener@231c4dca, org.springframework.boot.test.autoconfigure.SpringBootDependencyInjectionTestExecutionListener@1e8304be, org.springframework.test.context.support.DirtiesContextTestExecutionListener@4a4be4df, org.springframework.test.context.transaction.TransactionalTestExecutionListener@129d2f9b, org.springframework.test.context.jdbc.SqlScriptsTestExecutionListener@53ae421f, org.springframework.security.test.context.support.WithSecurityContextTestExecutionListener@558e1a20, org.springframework.test.context.event.EventPublishingTestExecutionListener@40f67152, org.springframework.security.test.context.support.ReactorContextTestExecutionListener@3bec7f20, org.springframework.boot.test.autoconfigure.restdocs.RestDocsTestExecutionListener@1a737cf8, org.springframework.boot.test.autoconfigure.web.client.MockRestServiceServerResetTestExecutionListener@3f893a8c, org.springframework.boot.test.autoconfigure.web.servlet.MockMvcPrintOnlyOnFailureTestExecutionListener@4c86b0ce, org.springframework.boot.test.autoconfigure.web.servlet.WebDriverTestExecutionListener@14cbc301, org.springframework.boot.test.autoconfigure.webservices.client.MockWebServiceServerTestExecutionListener@15def9dc, org.springframework.boot.test.mock.mockito.ResetMocksTestExecutionListener@6375fcb1]
18:03:14.640 [Test worker] DEBUG org.springframework.test.context.support.AbstractDirtiesContextTestExecutionListener - Before test class: context [DefaultTestContext@4e69fda9 testClass = SpringsecuritymongoApplicationTests, testInstance = [null], testMethod = [null], testException = [null], mergedContextConfiguration = [WebMergedContextConfiguration@10c41837 testClass = SpringsecuritymongoApplicationTests, locations = '{}', classes = '{class com.djamware.springsecuritymongo.SpringsecuritymongoApplication}', contextInitializerClasses = '[]', activeProfiles = '{}', propertySourceLocations = '{}', propertySourceProperties = '{org.springframework.boot.test.context.SpringBootTestContextBootstrapper=true}', contextCustomizers = set[org.springframework.boot.test.autoconfigure.properties.PropertyMappingContextCustomizer@0, org.springframework.boot.test.autoconfigure.web.servlet.WebDriverContextCustomizerFactory$Customizer@64b019fb, org.springframework.boot.test.context.filter.ExcludeFilterContextCustomizer@4fd6095f, org.springframework.boot.test.json.DuplicateJsonObjectContextCustomizerFactory$DuplicateJsonObjectContextCustomizer@4d08782d, org.springframework.boot.test.mock.mockito.MockitoContextCustomizer@0, org.springframework.boot.test.web.client.TestRestTemplateContextCustomizer@69ed15dc, org.springframework.boot.test.context.SpringBootTestArgs@1], resourceBasePath = 'src/main/webapp', contextLoader = 'org.springframework.boot.test.context.SpringBootContextLoader', parent = [null]], attributes = map['org.springframework.test.context.web.ServletTestExecutionListener.activateListener' -> true]], class annotated with @DirtiesContext [false] with mode [null].
18:03:14.662 [Test worker] DEBUG org.springframework.test.context.support.TestPropertySourceUtils - Adding inlined properties to environment: {spring.jmx.enabled=false, org.springframework.boot.test.context.SpringBootTestContextBootstrapper=true}

  .   ____          _            __ _ _
 /\\ / ___'_ __ _ _(_)_ __  __ _ \ \ \ \
( ( )\___ | '_ | '_| | '_ \/ _` | \ \ \ \
 \\/  ___)| |_)| | | | | || (_| |  ) ) ) )
  '  |____| .__|_| |_|_| |_\__, | / / / /
 =========|_|==============|___/=/_/_/_/
 :: Spring Boot ::        (v2.3.0.RELEASE)

2023-02-21 18:03:14.874  INFO 11032 --- [    Test worker] .d.s.SpringsecuritymongoApplicationTests : Starting SpringsecuritymongoApplicationTests on LAPTOP-E8F9CLAK with PID 11032 (started by ISHA in D:\My PC\Career Shine\Amazon Research\MongoDB\__LoginPage\SpringBoot-MongoDb\MongoDB-SpringBoot-Login)
2023-02-21 18:03:14.875  INFO 11032 --- [    Test worker] .d.s.SpringsecuritymongoApplicationTests : No active profile set, falling back to default profiles: default
2023-02-21 18:03:15.529  INFO 11032 --- [    Test worker] .s.d.r.c.RepositoryConfigurationDelegate : Bootstrapping Spring Data MongoDB repositories in DEFAULT mode.
2023-02-21 18:03:15.580  INFO 11032 --- [    Test worker] .s.d.r.c.RepositoryConfigurationDelegate : Finished Spring Data repository scanning in 46ms. Found 2 MongoDB repository interfaces.
2023-02-21 18:03:16.058  INFO 11032 --- [    Test worker] org.mongodb.driver.cluster               : Cluster created with settings {hosts=[localhost:27017], mode=SINGLE, requiredClusterType=UNKNOWN, serverSelectionTimeout='30000 ms'}
2023-02-21 18:03:16.121  INFO 11032 --- [localhost:27017] org.mongodb.driver.connection            : Opened connection [connectionId{localValue:1, serverValue:3}] to localhost:27017
2023-02-21 18:03:16.127  INFO 11032 --- [localhost:27017] org.mongodb.driver.cluster               : Monitor thread successfully connected to server with description ServerDescription{address=localhost:27017, type=STANDALONE, state=CONNECTED, ok=true, minWireVersion=0, maxWireVersion=17, maxDocumentSize=16777216, logicalSessionTimeoutMinutes=30, roundTripTimeNanos=3273000}
2023-02-21 18:03:16.469  INFO 11032 --- [    Test worker] o.s.s.web.DefaultSecurityFilterChain     : Creating filter chain: Ant [pattern='/resources/**'], []
2023-02-21 18:03:16.470  INFO 11032 --- [    Test worker] o.s.s.web.DefaultSecurityFilterChain     : Creating filter chain: Ant [pattern='/static/**'], []
2023-02-21 18:03:16.470  INFO 11032 --- [    Test worker] o.s.s.web.DefaultSecurityFilterChain     : Creating filter chain: Ant [pattern='/css/**'], []
2023-02-21 18:03:16.470  INFO 11032 --- [    Test worker] o.s.s.web.DefaultSecurityFilterChain     : Creating filter chain: Ant [pattern='/js/**'], []
2023-02-21 18:03:16.470  INFO 11032 --- [    Test worker] o.s.s.web.DefaultSecurityFilterChain     : Creating filter chain: Ant [pattern='/images/**'], []
2023-02-21 18:03:16.535  INFO 11032 --- [    Test worker] o.s.s.web.DefaultSecurityFilterChain     : Creating filter chain: any request, [org.springframework.security.web.context.request.async.WebAsyncManagerIntegrationFilter@2a8574e3, org.springframework.security.web.context.SecurityContextPersistenceFilter@13332710, org.springframework.security.web.header.HeaderWriterFilter@2771df04, org.springframework.security.web.authentication.logout.LogoutFilter@4fa7907a, org.springframework.security.web.authentication.UsernamePasswordAuthenticationFilter@a5a6eb7, org.springframework.security.web.savedrequest.RequestCacheAwareFilter@4105561c, org.springframework.security.web.servletapi.SecurityContextHolderAwareRequestFilter@3a5610a4, org.springframework.security.web.authentication.AnonymousAuthenticationFilter@66e51327, org.springframework.security.web.session.SessionManagementFilter@e87fbbb, org.springframework.security.web.access.ExceptionTranslationFilter@676b439, org.springframework.security.web.access.intercept.FilterSecurityInterceptor@92db177]
2023-02-21 18:03:16.814  INFO 11032 --- [    Test worker] o.s.s.concurrent.ThreadPoolTaskExecutor  : Initializing ExecutorService 'applicationTaskExecutor'
2023-02-21 18:03:17.258  INFO 11032 --- [    Test worker] .d.s.SpringsecuritymongoApplicationTests : Started SpringsecuritymongoApplicationTests in 2.588 seconds (JVM running for 4.776)
2023-02-21 18:03:17.306  INFO 11032 --- [    Test worker] org.mongodb.driver.connection            : Opened connection [connectionId{localValue:2, serverValue:4}] to localhost:27017
]]></system-out>
  <system-err><![CDATA[]]></system-err>
</testsuite>
